{
  "RSpec": {
    "coverage": {
      "/Users/Krzys/Projects/Ruby/lib/test.rb": [
        1,
        null,
        122,
        null,
        31,
        1,
        null,
        null,
        30,
        6,
        null,
        null,
        30,
        18,
        null,
        null,
        12,
        12,
        12,
        null,
        12,
        null,
        12,
        18,
        12,
        6,
        6,
        6,
        null,
        6,
        null,
        null,
        6,
        0,
        0,
        0,
        null,
        6,
        null,
        null,
        0,
        null,
        null,
        null,
        12,
        null,
        12,
        12,
        null,
        null,
        null,
        null,
        null,
        null,
        null,
        null,
        null,
        null,
        null
      ]
    },
    "timestamp": 1480615087
  }
}
