{
  "RSpec": {
    "coverage": {
      "/Users/Krzys/Projects/Ruby/test.rb": [
        1,
        null,
        102,
        null,
        26,
        1,
        null,
        null,
        25,
        5,
        null,
        null,
        25,
        15,
        null,
        null,
        10,
        10,
        10,
        null,
        10,
        null,
        10,
        15,
        10,
        5,
        5,
        5,
        null,
        5,
        null,
        null,
        5,
        0,
        0,
        0,
        null,
        5,
        null,
        null,
        0,
        null,
        null,
        null,
        10,
        null,
        10,
        10,
        null,
        null,
        null,
        null,
        null,
        null,
        null,
        null,
        null,
        null,
        null
      ]
    },
    "timestamp": 1479080620
  }
}
